This is pdfTeXk, Version 3.1415926-1.40.9 (Web2C 7.5.7) (format=pdflatex 2013.1.18)  28 JAN 2013 04:05
entering extended mode
 %&-line parsing enabled.
**tvbox-fileformat-00000-weekly-schedule.latex
(./tvbox-fileformat-00000-weekly-schedule.latex
LaTeX2e <2005/12/01>
Babel <v3.8l> and hyphenation patterns for english, usenglishmax, dumylang, noh
yphenation, german-x-2008-06-18, ngerman-x-2008-06-18, ancientgreek, ibycus, ar
abic, basque, bulgarian, catalan, pinyin, coptic, croatian, czech, danish, dutc
h, esperanto, estonian, farsi, finnish, french, galician, german, ngerman, mono
greek, greek, hungarian, icelandic, indonesian, interlingua, irish, italian, la
tin, mongolian, mongolian2a, bokmal, nynorsk, polish, portuguese, romanian, rus
sian, sanskrit, serbian, slovak, slovenian, spanish, swedish, turkish, ukenglis
h, ukrainian, uppersorbian, welsh, loaded.
(/mnt/sda5/.user/root/.texlive/texmf-dist/tex/latex/base/book.cls
Document Class: book 2005/09/16 v1.4f Standard LaTeX document class
(/mnt/sda5/.user/root/.texlive/texmf-dist/tex/latex/base/bk10.clo
File: bk10.clo 2005/09/16 v1.4f Standard LaTeX file (size option)
)
\c@part=\count79
\c@chapter=\count80
\c@section=\count81
\c@subsection=\count82
\c@subsubsection=\count83
\c@paragraph=\count84
\c@subparagraph=\count85
\c@figure=\count86
\c@table=\count87
\abovecaptionskip=\skip41
\belowcaptionskip=\skip42
\bibindent=\dimen102
)
(/mnt/sda5/.user/root/.texlive/texmf-dist/tex/latex/listings/listings.sty
(/mnt/sda5/.user/root/.texlive/texmf-dist/tex/latex/graphics/keyval.sty
Package: keyval 1999/03/16 v1.13 key=value parser (DPC)
\KV@toks@=\toks14
)
\lst@mode=\count88
\lst@gtempboxa=\box26
\lst@token=\toks15
\lst@length=\count89
\lst@currlwidth=\dimen103
\lst@column=\count90
\lst@pos=\count91
\lst@lostspace=\dimen104
\lst@width=\dimen105
\lst@newlines=\count92
\lst@lineno=\count93
\lst@maxwidth=\dimen106

(/mnt/sda5/.user/root/.texlive/texmf-dist/tex/latex/listings/lstmisc.sty
File: lstmisc.sty 2007/02/22 1.4 (Carsten Heinz)
\c@lstnumber=\count94
\lst@skipnumbers=\count95
\lst@framebox=\box27
)
(/mnt/sda5/.user/root/.texlive/texmf-dist/tex/latex/listings/listings.cfg
File: listings.cfg 2007/02/22 1.4 listings configuration
))
Package: listings 2007/02/22 1.4 (Carsten Heinz)

(/mnt/sda5/.user/root/.texlive/texmf-dist/tex/latex/graphics/color.sty
Package: color 2005/11/14 v1.0j Standard LaTeX Color (DPC)

(/mnt/sda5/.user/root/.texlive/texmf/tex/latex/config/color.cfg
File: color.cfg 2007/01/18 v1.5 color configuration of teTeX/TeXLive
)
Package color Info: Driver file: pdftex.def on input line 130.

(/mnt/sda5/.user/root/.texlive/texmf-dist/tex/latex/pdftex-def/pdftex.def
File: pdftex.def 2008/07/16 v0.04k Graphics/color for pdfTeX
\Gread@gobject=\count96
))
(/mnt/sda5/.user/root/.texlive/texmf-dist/tex/latex/graphics/graphicx.sty
Package: graphicx 1999/02/16 v1.0f Enhanced LaTeX Graphics (DPC,SPQR)

(/mnt/sda5/.user/root/.texlive/texmf-dist/tex/latex/graphics/graphics.sty
Package: graphics 2006/02/20 v1.0o Standard LaTeX Graphics (DPC,SPQR)

(/mnt/sda5/.user/root/.texlive/texmf-dist/tex/latex/graphics/trig.sty
Package: trig 1999/03/16 v1.09 sin cos tan (DPC)
)
(/mnt/sda5/.user/root/.texlive/texmf/tex/latex/config/graphics.cfg
File: graphics.cfg 2007/01/18 v1.5 graphics configuration of teTeX/TeXLive
)
Package graphics Info: Driver file: pdftex.def on input line 90.
)
\Gin@req@height=\dimen107
\Gin@req@width=\dimen108
)
(/mnt/sda5/.user/root/.texlive/texmf-dist/tex/latex/psnfss/charter.sty
Package: charter 2005/04/12 PSNFSS-v9.2a (P.Dyballa) 
)
(/mnt/sda5/.user/root/.texlive/texmf-dist/tex/latex/psnfss/courier.sty
Package: courier 2005/04/12 PSNFSS-v9.2a (WaS) 
)
(/mnt/sda5/.user/root/.texlive/texmf-dist/tex/latex/base/fontenc.sty
Package: fontenc 2005/09/27 v1.99g Standard LaTeX package

(/mnt/sda5/.user/root/.texlive/texmf-dist/tex/latex/base/ot1enc.def
File: ot1enc.def 2005/09/27 v1.99g Standard LaTeX file
LaTeX Font Info:    Redeclaring font encoding OT1 on input line 43.
)
(/mnt/sda5/.user/root/.texlive/texmf-dist/tex/latex/base/t1enc.def
File: t1enc.def 2005/09/27 v1.99g Standard LaTeX file
LaTeX Font Info:    Redeclaring font encoding T1 on input line 43.
))
No file tvbox-fileformat-00000-weekly-schedule.aux.
\openout1 = `tvbox-fileformat-00000-weekly-schedule.aux'.

LaTeX Font Info:    Checking defaults for OML/cmm/m/it on input line 32.
LaTeX Font Info:    ... okay on input line 32.
LaTeX Font Info:    Checking defaults for T1/cmr/m/n on input line 32.
LaTeX Font Info:    ... okay on input line 32.
LaTeX Font Info:    Checking defaults for OT1/cmr/m/n on input line 32.
LaTeX Font Info:    ... okay on input line 32.
LaTeX Font Info:    Checking defaults for OMS/cmsy/m/n on input line 32.
LaTeX Font Info:    ... okay on input line 32.
LaTeX Font Info:    Checking defaults for OMX/cmex/m/n on input line 32.
LaTeX Font Info:    ... okay on input line 32.
LaTeX Font Info:    Checking defaults for U/cmr/m/n on input line 32.
LaTeX Font Info:    ... okay on input line 32.
LaTeX Font Info:    Try loading font information for T1+bch on input line 32.
(/mnt/sda5/.user/root/.texlive/texmf-dist/tex/latex/psnfss/t1bch.fd
File: t1bch.fd 2004/10/18 font definitions for T1/bch.
)
\c@lstlisting=\count97

(/mnt/sda5/.user/root/.texlive/texmf-dist/tex/context/base/supp-pdf.tex
[Loading MPS to PDF converter (version 2006.09.02).]
\scratchcounter=\count98
\scratchdimen=\dimen109
\scratchbox=\box28
\nofMPsegments=\count99
\nofMParguments=\count100
\everyMPshowfont=\toks16
\MPscratchCnt=\count101
\MPscratchDim=\dimen110
\MPnumerator=\count102
\everyMPtoPDFconversion=\toks17
)
LaTeX Font Info:    External font `cmex10' loaded for size
(Font)              <12> on input line 37.
LaTeX Font Info:    External font `cmex10' loaded for size
(Font)              <8> on input line 37.
LaTeX Font Info:    External font `cmex10' loaded for size
(Font)              <6> on input line 37.
 [1


{/mnt/sda5/.user/root/.texlive/texmf-var/fonts/map/pdftex/updmap/pdftex.map}]
LaTeX Font Info:    Try loading font information for OMS+bch on input line 38.
 (/mnt/sda5/.user/root/.texlive/texmf-dist/tex/latex/psnfss/omsbch.fd
File: omsbch.fd 
)
LaTeX Font Info:    Font shape `OMS/bch/m/n' in size <10> not available
(Font)              Font shape `OMS/cmsy/m/n' tried instead on input line 38.

[2]
Underfull \hbox (badness 10000) in paragraph at lines 56--61

 []


Underfull \hbox (badness 10000) in paragraph at lines 56--61

 []

LaTeX Font Info:    Try loading font information for T1+cmss on input line 66.
(/mnt/sda5/.user/root/.texlive/texmf-dist/tex/latex/base/t1cmss.fd
File: t1cmss.fd 1999/05/25 v2.5h Standard LaTeX font definitions
)
LaTeX Font Info:    External font `cmex10' loaded for size
(Font)              <9> on input line 66.
LaTeX Font Info:    External font `cmex10' loaded for size
(Font)              <5> on input line 66.
 [3

]
Overfull \hbox (22.20374pt too wide) in paragraph at lines 73--74
[][][][][][][][][][][][][][][][][][][][][][][][] 
 []


Underfull \hbox (badness 10000) in paragraph at lines 87--89

 []

[4

]
Underfull \hbox (badness 10000) in paragraph at lines 130--132

 []


Overfull \hbox (1.76028pt too wide) in paragraph at lines 153--154
\T1/bch/m/n/9 This form of en-cod-ing the sched-ule is also re-used in cur-rent
 im-ple-men-ta-tions for monthly
 []

[5]
(tvbox-fileformat-00000-weekly-schedule.pdf.tmp/tvbox-fileformat-00000-weekly-s
chedule.aux) ) 
Here is how much of TeX's memory you used:
 2470 strings out of 493886
 34353 string characters out of 1154992
 88508 words of memory out of 3000000
 5738 multiletter control sequences out of 10000+50000
 35686 words of font info for 47 fonts, out of 3000000 for 5000
 714 hyphenation exceptions out of 8191
 26i,6n,32p,556b,847s stack positions out of 5000i,500n,10000p,200000b,50000s
{/mnt/sda5/.user/root/.texlive/texmf-dist/fonts/enc/dvips/cm-supe
r/cm-super-t1.enc}{/mnt/sda5/.user/root/.texlive/texmf-dist/fonts/enc/dvips/bas
e/8r.enc}</mnt/sda5/.user/root/.texlive/texmf-dist/fonts/type1/bitstrea/charter
/bchb8a.pfb></mnt/sda5/.user/root/.texlive/texmf-dist/fonts/type1/bitstrea/char
ter/bchr8a.pfb></mnt/sda5/.user/root/.texlive/texmf-dist/fonts/type1/bitstrea/c
harter/bchri8a.pfb></mnt/sda5/.user/root/.texlive/texmf-dist/fonts/type1/bluesk
y/cm/cmsy10.pfb></mnt/sda5/.user/root/.texlive/texmf-dist/fonts/type1/public/cm
-super/sfsi0900.pfb></mnt/sda5/.user/root/.texlive/texmf-dist/fonts/type1/publi
c/cm-super/sfss0900.pfb>
Output written on tvbox-fileformat-00000-weekly-schedule.pdf.tmp/tvbox-fileform
at-00000-weekly-schedule.pdf (5 pages, 73833 bytes).
PDF statistics:
 44 PDF objects out of 1000 (max. 8388607)
 0 named destinations out of 1000 (max. 131072)
 1 words of extra memory for PDF output out of 10000 (max. 10000000)

