This is pdfTeXk, Version 3.1415926-1.40.9 (Web2C 7.5.7) (format=pdflatex 2013.1.18)  28 JAN 2013 04:05
entering extended mode
 %&-line parsing enabled.
**just-for-laughs1.latex
(./just-for-laughs1.latex
LaTeX2e <2005/12/01>
Babel <v3.8l> and hyphenation patterns for english, usenglishmax, dumylang, noh
yphenation, german-x-2008-06-18, ngerman-x-2008-06-18, ancientgreek, ibycus, ar
abic, basque, bulgarian, catalan, pinyin, coptic, croatian, czech, danish, dutc
h, esperanto, estonian, farsi, finnish, french, galician, german, ngerman, mono
greek, greek, hungarian, icelandic, indonesian, interlingua, irish, italian, la
tin, mongolian, mongolian2a, bokmal, nynorsk, polish, portuguese, romanian, rus
sian, sanskrit, serbian, slovak, slovenian, spanish, swedish, turkish, ukenglis
h, ukrainian, uppersorbian, welsh, loaded.
(/mnt/sda5/.user/root/.texlive/texmf-dist/tex/latex/base/article.cls
Document Class: article 2005/09/16 v1.4f Standard LaTeX document class
(/mnt/sda5/.user/root/.texlive/texmf-dist/tex/latex/base/size10.clo
File: size10.clo 2005/09/16 v1.4f Standard LaTeX file (size option)
)
\c@part=\count79
\c@section=\count80
\c@subsection=\count81
\c@subsubsection=\count82
\c@paragraph=\count83
\c@subparagraph=\count84
\c@figure=\count85
\c@table=\count86
\abovecaptionskip=\skip41
\belowcaptionskip=\skip42
\bibindent=\dimen102
)
(/mnt/sda5/.user/root/.texlive/texmf-dist/tex/latex/psnfss/times.sty
Package: times 2005/04/12 PSNFSS-v9.2a (SPQR) 
)
No file just-for-laughs1.aux.
\openout1 = `just-for-laughs1.aux'.

LaTeX Font Info:    Checking defaults for OML/cmm/m/it on input line 5.
LaTeX Font Info:    ... okay on input line 5.
LaTeX Font Info:    Checking defaults for T1/cmr/m/n on input line 5.
LaTeX Font Info:    ... okay on input line 5.
LaTeX Font Info:    Checking defaults for OT1/cmr/m/n on input line 5.
LaTeX Font Info:    ... okay on input line 5.
LaTeX Font Info:    Checking defaults for OMS/cmsy/m/n on input line 5.
LaTeX Font Info:    ... okay on input line 5.
LaTeX Font Info:    Checking defaults for OMX/cmex/m/n on input line 5.
LaTeX Font Info:    ... okay on input line 5.
LaTeX Font Info:    Checking defaults for U/cmr/m/n on input line 5.
LaTeX Font Info:    ... okay on input line 5.
LaTeX Font Info:    Try loading font information for OT1+ptm on input line 5.
(/mnt/sda5/.user/root/.texlive/texmf-dist/tex/latex/psnfss/ot1ptm.fd
File: ot1ptm.fd 2001/06/04 font definitions for OT1/ptm.
)
LaTeX Font Info:    External font `cmex10' loaded for size
(Font)              <12> on input line 11.
LaTeX Font Info:    External font `cmex10' loaded for size
(Font)              <8> on input line 11.
LaTeX Font Info:    External font `cmex10' loaded for size
(Font)              <6> on input line 11.
LaTeX Font Info:    Font shape `OT1/ptm/bx/n' in size <14.4> not available
(Font)              Font shape `OT1/ptm/b/n' tried instead on input line 13.
 [1

{/mnt/sda5/.user/root/.texlive/texmf-var/fonts/map/pdftex/updmap/pdftex.map}]
(just-for-laughs1.pdf.tmp/just-for-laughs1.aux) ) 
Here is how much of TeX's memory you used:
 275 strings out of 493886
 3495 string characters out of 1154992
 49944 words of memory out of 3000000
 3612 multiletter control sequences out of 10000+50000
 13264 words of font info for 32 fonts, out of 3000000 for 5000
 714 hyphenation exceptions out of 8191
 23i,6n,17p,152b,199s stack positions out of 5000i,500n,10000p,200000b,50000s
{/mnt/sda5/.user/root/.texlive
/texmf-dist/fonts/enc/dvips/base/8r.enc}</mnt/sda5/.user/root/.texlive/texmf-di
st/fonts/type1/urw/times/utmb8a.pfb></mnt/sda5/.user/root/.texlive/texmf-dist/f
onts/type1/urw/times/utmr8a.pfb>
Output written on just-for-laughs1.pdf.tmp/just-for-laughs1.pdf (1 page, 24864 
bytes).
PDF statistics:
 15 PDF objects out of 1000 (max. 8388607)
 0 named destinations out of 1000 (max. 131072)
 1 words of extra memory for PDF output out of 10000 (max. 10000000)

